{"uuid":"7bc4b532-bf42-4b26-a0bd-10918fab692a","historyId":"9527f288b74766a2a1f58f2f43ccd7b0","fullName":"com.andersenlab.ponamorev.tinkoffbank.CheckingValuesTest.checking_sum_field_with_min_value_test","labels":[{"name":"package","value":"com.andersenlab.ponamorev.tinkoffbank.CheckingValuesTest"},{"name":"testClass","value":"com.andersenlab.ponamorev.tinkoffbank.CheckingValuesTest"},{"name":"testMethod","value":"checking_sum_field_with_min_value_test"},{"name":"parentSuite","value":"Tinkoff bank test suite"},{"name":"suite","value":"Check invalid values"},{"name":"subSuite","value":"com.andersenlab.ponamorev.tinkoffbank.CheckingValuesTest"},{"name":"host","value":"andersen-PC"},{"name":"thread","value":"13864@andersen-PC.main(1)"}],"links":[],"name":"checking_sum_field_with_min_value_test","status":"failed","statusDetails":{"known":false,"muted":false,"flaky":false,"message":"Сообщение об ошибке под полем <{0}> не отображается expected [true] but found [false]","trace":"java.lang.AssertionError: Сообщение об ошибке под полем <{0}> не отображается expected [true] but found [false]\r\n\tat org.testng.Assert.fail(Assert.java:96)\r\n\tat org.testng.Assert.failNotEquals(Assert.java:776)\r\n\tat org.testng.Assert.assertTrue(Assert.java:44)\r\n\tat com.andersenlab.ponamorev.tinkoffbank.steps.PayHousingInMoscowSteps.errorMessageShouldBeDisplayed_aroundBody24(PayHousingInMoscowSteps.java:79)\r\n\tat com.andersenlab.ponamorev.tinkoffbank.steps.PayHousingInMoscowSteps$AjcClosure25.run(PayHousingInMoscowSteps.java:1)\r\n\tat org.aspectj.runtime.reflect.JoinPointImpl.proceed(JoinPointImpl.java:149)\r\n\tat io.qameta.allure.aspects.StepsAspects.step(StepsAspects.java:46)\r\n\tat com.andersenlab.ponamorev.tinkoffbank.steps.PayHousingInMoscowSteps.errorMessageShouldBeDisplayed(PayHousingInMoscowSteps.java:79)\r\n\tat com.andersenlab.ponamorev.tinkoffbank.CheckingValuesTest.checking_sum_field_with_min_value_test(CheckingValuesTest.java:142)\r\n\tat java.base/jdk.internal.reflect.NativeMethodAccessorImpl.invoke0(Native Method)\r\n\tat java.base/jdk.internal.reflect.NativeMethodAccessorImpl.invoke(NativeMethodAccessorImpl.java:62)\r\n\tat java.base/jdk.internal.reflect.DelegatingMethodAccessorImpl.invoke(DelegatingMethodAccessorImpl.java:43)\r\n\tat java.base/java.lang.reflect.Method.invoke(Method.java:564)\r\n\tat org.testng.internal.MethodInvocationHelper.invokeMethod(MethodInvocationHelper.java:124)\r\n\tat org.testng.internal.Invoker.invokeMethod(Invoker.java:580)\r\n\tat org.testng.internal.Invoker.invokeTestMethod(Invoker.java:716)\r\n\tat org.testng.internal.Invoker.invokeTestMethods(Invoker.java:988)\r\n\tat org.testng.internal.TestMethodWorker.invokeTestMethods(TestMethodWorker.java:125)\r\n\tat org.testng.internal.TestMethodWorker.run(TestMethodWorker.java:109)\r\n\tat org.testng.TestRunner.privateRun(TestRunner.java:648)\r\n\tat org.testng.TestRunner.run(TestRunner.java:505)\r\n\tat org.testng.SuiteRunner.runTest(SuiteRunner.java:455)\r\n\tat org.testng.SuiteRunner.runSequentially(SuiteRunner.java:450)\r\n\tat org.testng.SuiteRunner.privateRun(SuiteRunner.java:415)\r\n\tat org.testng.SuiteRunner.run(SuiteRunner.java:364)\r\n\tat org.testng.SuiteRunnerWorker.runSuite(SuiteRunnerWorker.java:52)\r\n\tat org.testng.SuiteRunnerWorker.run(SuiteRunnerWorker.java:84)\r\n\tat org.testng.TestNG.runSuitesSequentially(TestNG.java:1208)\r\n\tat org.testng.TestNG.runSuitesLocally(TestNG.java:1137)\r\n\tat org.testng.TestNG.runSuites(TestNG.java:1049)\r\n\tat org.testng.TestNG.run(TestNG.java:1017)\r\n\tat org.apache.maven.surefire.testng.TestNGExecutor.run(TestNGExecutor.java:283)\r\n\tat org.apache.maven.surefire.testng.TestNGXmlTestSuite.execute(TestNGXmlTestSuite.java:75)\r\n\tat org.apache.maven.surefire.testng.TestNGProvider.invoke(TestNGProvider.java:120)\r\n\tat org.apache.maven.surefire.booter.ForkedBooter.invokeProviderInSameClassLoader(ForkedBooter.java:373)\r\n\tat org.apache.maven.surefire.booter.ForkedBooter.runSuitesInProcess(ForkedBooter.java:334)\r\n\tat org.apache.maven.surefire.booter.ForkedBooter.execute(ForkedBooter.java:119)\r\n\tat org.apache.maven.surefire.booter.ForkedBooter.main(ForkedBooter.java:407)\r\n"},"stage":"finished","start":1519303321406,"stop":1519303334509,"steps":[{"name":"Проверяется, что поле для ввода кода плательщика доступно","status":"passed","stage":"finished","start":1519303321406,"stop":1519303321574},{"name":"Очищается поле для ввода кода плательщика","status":"passed","stage":"finished","start":1519303321574,"stop":1519303321634},{"name":"Вводится код плательщика","status":"passed","stage":"finished","start":1519303321634,"stop":1519303322024,"parameters":[{"name":"code","value":"1234567890"}]},{"name":"Проверяется, что поле для ввода периода оплаты доступно","status":"passed","stage":"finished","start":1519303322024,"stop":1519303322092},{"name":"Очищается поле для ввода кода плательщика","status":"passed","stage":"finished","start":1519303322092,"stop":1519303322143},{"name":"Вводится период платежа","status":"passed","stage":"finished","start":1519303322143,"stop":1519303322356,"parameters":[{"name":"period","value":"122017"}]},{"name":"Проверяется, что поле для ввода суммы платежа доступно","status":"passed","stage":"finished","start":1519303322356,"stop":1519303322380},{"name":"Очищается поле для ввода суммы платежа","status":"passed","stage":"finished","start":1519303322380,"stop":1519303323621},{"name":"Вводится сумма платежа","status":"passed","stage":"finished","start":1519303323621,"stop":1519303323873,"parameters":[{"name":"sum","value":"9"}]},{"name":"Нажимается кнопка <Оплатить ЖКУ в Москве>","status":"passed","stage":"finished","start":1519303323873,"stop":1519303324409},{"name":"Проверяется, что под полем <{0}> отображается сообщение об ошибке","status":"failed","statusDetails":{"known":false,"muted":false,"flaky":false,"message":"Сообщение об ошибке под полем <{0}> не отображается expected [true] but found [false]","trace":"java.lang.AssertionError: Сообщение об ошибке под полем <{0}> не отображается expected [true] but found [false]\r\n\tat org.testng.Assert.fail(Assert.java:96)\r\n\tat org.testng.Assert.failNotEquals(Assert.java:776)\r\n\tat org.testng.Assert.assertTrue(Assert.java:44)\r\n\tat com.andersenlab.ponamorev.tinkoffbank.steps.PayHousingInMoscowSteps.errorMessageShouldBeDisplayed_aroundBody24(PayHousingInMoscowSteps.java:79)\r\n\tat com.andersenlab.ponamorev.tinkoffbank.steps.PayHousingInMoscowSteps$AjcClosure25.run(PayHousingInMoscowSteps.java:1)\r\n\tat org.aspectj.runtime.reflect.JoinPointImpl.proceed(JoinPointImpl.java:149)\r\n\tat io.qameta.allure.aspects.StepsAspects.step(StepsAspects.java:46)\r\n\tat com.andersenlab.ponamorev.tinkoffbank.steps.PayHousingInMoscowSteps.errorMessageShouldBeDisplayed(PayHousingInMoscowSteps.java:79)\r\n\tat com.andersenlab.ponamorev.tinkoffbank.CheckingValuesTest.checking_sum_field_with_min_value_test(CheckingValuesTest.java:142)\r\n\tat java.base/jdk.internal.reflect.NativeMethodAccessorImpl.invoke0(Native Method)\r\n\tat java.base/jdk.internal.reflect.NativeMethodAccessorImpl.invoke(NativeMethodAccessorImpl.java:62)\r\n\tat java.base/jdk.internal.reflect.DelegatingMethodAccessorImpl.invoke(DelegatingMethodAccessorImpl.java:43)\r\n\tat java.base/java.lang.reflect.Method.invoke(Method.java:564)\r\n\tat org.testng.internal.MethodInvocationHelper.invokeMethod(MethodInvocationHelper.java:124)\r\n\tat org.testng.internal.Invoker.invokeMethod(Invoker.java:580)\r\n\tat org.testng.internal.Invoker.invokeTestMethod(Invoker.java:716)\r\n\tat org.testng.internal.Invoker.invokeTestMethods(Invoker.java:988)\r\n\tat org.testng.internal.TestMethodWorker.invokeTestMethods(TestMethodWorker.java:125)\r\n\tat org.testng.internal.TestMethodWorker.run(TestMethodWorker.java:109)\r\n\tat org.testng.TestRunner.privateRun(TestRunner.java:648)\r\n\tat org.testng.TestRunner.run(TestRunner.java:505)\r\n\tat org.testng.SuiteRunner.runTest(SuiteRunner.java:455)\r\n\tat org.testng.SuiteRunner.runSequentially(SuiteRunner.java:450)\r\n\tat org.testng.SuiteRunner.privateRun(SuiteRunner.java:415)\r\n\tat org.testng.SuiteRunner.run(SuiteRunner.java:364)\r\n\tat org.testng.SuiteRunnerWorker.runSuite(SuiteRunnerWorker.java:52)\r\n\tat org.testng.SuiteRunnerWorker.run(SuiteRunnerWorker.java:84)\r\n\tat org.testng.TestNG.runSuitesSequentially(TestNG.java:1208)\r\n\tat org.testng.TestNG.runSuitesLocally(TestNG.java:1137)\r\n\tat org.testng.TestNG.runSuites(TestNG.java:1049)\r\n\tat org.testng.TestNG.run(TestNG.java:1017)\r\n\tat org.apache.maven.surefire.testng.TestNGExecutor.run(TestNGExecutor.java:283)\r\n\tat org.apache.maven.surefire.testng.TestNGXmlTestSuite.execute(TestNGXmlTestSuite.java:75)\r\n\tat org.apache.maven.surefire.testng.TestNGProvider.invoke(TestNGProvider.java:120)\r\n\tat org.apache.maven.surefire.booter.ForkedBooter.invokeProviderInSameClassLoader(ForkedBooter.java:373)\r\n\tat org.apache.maven.surefire.booter.ForkedBooter.runSuitesInProcess(ForkedBooter.java:334)\r\n\tat org.apache.maven.surefire.booter.ForkedBooter.execute(ForkedBooter.java:119)\r\n\tat org.apache.maven.surefire.booter.ForkedBooter.main(ForkedBooter.java:407)\r\n"},"stage":"finished","start":1519303324409,"stop":1519303334508,"parameters":[{"name":"message","value":"Сумма платежа"}]}],"parameters":[{"name":"arg0","value":"9"}]}